<?xml version="1.0" encoding="UTF-8"?>
<testsuite name="keonwoo.hellospring.HelloSpringApplicationTests" tests="1" skipped="0" failures="0" errors="0" timestamp="2021-12-15T09:27:35" hostname="DESKTOP-P018LRE" time="0.542">
  <properties/>
  <testcase name="contextLoads()" classname="keonwoo.hellospring.HelloSpringApplicationTests" time="0.542"/>
  <system-out><![CDATA[18:27:32.533 [Test worker] DEBUG org.springframework.test.context.BootstrapUtils - Instantiating CacheAwareContextLoaderDelegate from class [org.springframework.test.context.cache.DefaultCacheAwareContextLoaderDelegate]
18:27:32.549 [Test worker] DEBUG org.springframework.test.context.BootstrapUtils - Instantiating BootstrapContext using constructor [public org.springframework.test.context.support.DefaultBootstrapContext(java.lang.Class,org.springframework.test.context.CacheAwareContextLoaderDelegate)]
18:27:32.598 [Test worker] DEBUG org.springframework.test.context.BootstrapUtils - Instantiating TestContextBootstrapper for test class [keonwoo.hellospring.HelloSpringApplicationTests] from class [org.springframework.boot.test.context.SpringBootTestContextBootstrapper]
18:27:32.612 [Test worker] INFO org.springframework.boot.test.context.SpringBootTestContextBootstrapper - Neither @ContextConfiguration nor @ContextHierarchy found for test class [keonwoo.hellospring.HelloSpringApplicationTests], using SpringBootContextLoader
18:27:32.617 [Test worker] DEBUG org.springframework.test.context.support.AbstractContextLoader - Did not detect default resource location for test class [keonwoo.hellospring.HelloSpringApplicationTests]: class path resource [keonwoo/hellospring/HelloSpringApplicationTests-context.xml] does not exist
18:27:32.618 [Test worker] DEBUG org.springframework.test.context.support.AbstractContextLoader - Did not detect default resource location for test class [keonwoo.hellospring.HelloSpringApplicationTests]: class path resource [keonwoo/hellospring/HelloSpringApplicationTestsContext.groovy] does not exist
18:27:32.619 [Test worker] INFO org.springframework.test.context.support.AbstractContextLoader - Could not detect default resource locations for test class [keonwoo.hellospring.HelloSpringApplicationTests]: no resource found for suffixes {-context.xml, Context.groovy}.
18:27:32.620 [Test worker] INFO org.springframework.test.context.support.AnnotationConfigContextLoaderUtils - Could not detect default configuration classes for test class [keonwoo.hellospring.HelloSpringApplicationTests]: HelloSpringApplicationTests does not declare any static, non-private, non-final, nested classes annotated with @Configuration.
18:27:32.679 [Test worker] DEBUG org.springframework.test.context.support.ActiveProfilesUtils - Could not find an 'annotation declaring class' for annotation type [org.springframework.test.context.ActiveProfiles] and class [keonwoo.hellospring.HelloSpringApplicationTests]
18:27:32.755 [Test worker] DEBUG org.springframework.context.annotation.ClassPathScanningCandidateComponentProvider - Identified candidate component class: file [C:\Users\pkw48\OneDrive\바탕 화면\spring lecture\hello-spring\hello-spring\build\classes\java\main\keonwoo\hellospring\HelloSpringApplication.class]
18:27:32.757 [Test worker] INFO org.springframework.boot.test.context.SpringBootTestContextBootstrapper - Found @SpringBootConfiguration keonwoo.hellospring.HelloSpringApplication for test class keonwoo.hellospring.HelloSpringApplicationTests
18:27:32.888 [Test worker] DEBUG org.springframework.boot.test.context.SpringBootTestContextBootstrapper - @TestExecutionListeners is not present for class [keonwoo.hellospring.HelloSpringApplicationTests]: using defaults.
18:27:32.888 [Test worker] INFO org.springframework.boot.test.context.SpringBootTestContextBootstrapper - Loaded default TestExecutionListener class names from location [META-INF/spring.factories]: [org.springframework.boot.test.autoconfigure.restdocs.RestDocsTestExecutionListener, org.springframework.boot.test.autoconfigure.web.client.MockRestServiceServerResetTestExecutionListener, org.springframework.boot.test.autoconfigure.web.servlet.MockMvcPrintOnlyOnFailureTestExecutionListener, org.springframework.boot.test.autoconfigure.web.servlet.WebDriverTestExecutionListener, org.springframework.boot.test.autoconfigure.webservices.client.MockWebServiceServerTestExecutionListener, org.springframework.boot.test.mock.mockito.MockitoTestExecutionListener, org.springframework.boot.test.mock.mockito.ResetMocksTestExecutionListener, org.springframework.test.context.web.ServletTestExecutionListener, org.springframework.test.context.support.DirtiesContextBeforeModesTestExecutionListener, org.springframework.test.context.event.ApplicationEventsTestExecutionListener, org.springframework.test.context.support.DependencyInjectionTestExecutionListener, org.springframework.test.context.support.DirtiesContextTestExecutionListener, org.springframework.test.context.transaction.TransactionalTestExecutionListener, org.springframework.test.context.jdbc.SqlScriptsTestExecutionListener, org.springframework.test.context.event.EventPublishingTestExecutionListener]
18:27:32.902 [Test worker] DEBUG org.springframework.boot.test.context.SpringBootTestContextBootstrapper - Skipping candidate TestExecutionListener [org.springframework.test.context.transaction.TransactionalTestExecutionListener] due to a missing dependency. Specify custom listener classes or make the default listener classes and their required dependencies available. Offending class: [org/springframework/transaction/interceptor/TransactionAttributeSource]
18:27:32.902 [Test worker] DEBUG org.springframework.boot.test.context.SpringBootTestContextBootstrapper - Skipping candidate TestExecutionListener [org.springframework.test.context.jdbc.SqlScriptsTestExecutionListener] due to a missing dependency. Specify custom listener classes or make the default listener classes and their required dependencies available. Offending class: [org/springframework/transaction/interceptor/TransactionAttribute]
18:27:32.903 [Test worker] INFO org.springframework.boot.test.context.SpringBootTestContextBootstrapper - Using TestExecutionListeners: [org.springframework.test.context.web.ServletTestExecutionListener@70e29e14, org.springframework.test.context.support.DirtiesContextBeforeModesTestExecutionListener@3b1bb3ab, org.springframework.test.context.event.ApplicationEventsTestExecutionListener@5a4bef8, org.springframework.boot.test.mock.mockito.MockitoTestExecutionListener@40bffbca, org.springframework.boot.test.autoconfigure.SpringBootDependencyInjectionTestExecutionListener@2449cff7, org.springframework.test.context.support.DirtiesContextTestExecutionListener@42a9a63e, org.springframework.test.context.event.EventPublishingTestExecutionListener@62da83ed, org.springframework.boot.test.autoconfigure.restdocs.RestDocsTestExecutionListener@5d8445d7, org.springframework.boot.test.autoconfigure.web.client.MockRestServiceServerResetTestExecutionListener@37d80fe7, org.springframework.boot.test.autoconfigure.web.servlet.MockMvcPrintOnlyOnFailureTestExecutionListener@384fc774, org.springframework.boot.test.autoconfigure.web.servlet.WebDriverTestExecutionListener@e3cee7b, org.springframework.boot.test.autoconfigure.webservices.client.MockWebServiceServerTestExecutionListener@71e9a896, org.springframework.boot.test.mock.mockito.ResetMocksTestExecutionListener@6b9267b]
18:27:32.906 [Test worker] DEBUG org.springframework.test.context.support.AbstractDirtiesContextTestExecutionListener - Before test class: context [DefaultTestContext@285f09de testClass = HelloSpringApplicationTests, testInstance = [null], testMethod = [null], testException = [null], mergedContextConfiguration = [WebMergedContextConfiguration@73393584 testClass = HelloSpringApplicationTests, locations = '{}', classes = '{class keonwoo.hellospring.HelloSpringApplication}', contextInitializerClasses = '[]', activeProfiles = '{}', propertySourceLocations = '{}', propertySourceProperties = '{org.springframework.boot.test.context.SpringBootTestContextBootstrapper=true}', contextCustomizers = set[org.springframework.boot.test.autoconfigure.actuate.metrics.MetricsExportContextCustomizerFactory$DisableMetricExportContextCustomizer@5c153b9e, org.springframework.boot.test.autoconfigure.properties.PropertyMappingContextCustomizer@0, org.springframework.boot.test.autoconfigure.web.servlet.WebDriverContextCustomizerFactory$Customizer@5bd82fed, org.springframework.boot.test.context.filter.ExcludeFilterContextCustomizer@549949be, org.springframework.boot.test.json.DuplicateJsonObjectContextCustomizerFactory$DuplicateJsonObjectContextCustomizer@3eeb318f, org.springframework.boot.test.mock.mockito.MockitoContextCustomizer@0, org.springframework.boot.test.web.client.TestRestTemplateContextCustomizer@6f0b0a5e, org.springframework.boot.test.context.SpringBootTestArgs@1, org.springframework.boot.test.context.SpringBootTestWebEnvironment@45efd90f], resourceBasePath = 'src/main/webapp', contextLoader = 'org.springframework.boot.test.context.SpringBootContextLoader', parent = [null]], attributes = map['org.springframework.test.context.web.ServletTestExecutionListener.activateListener' -> true]], class annotated with @DirtiesContext [false] with mode [null].
18:27:32.991 [Test worker] DEBUG org.springframework.boot.ApplicationServletEnvironment - Activating profiles []
18:27:32.992 [Test worker] DEBUG org.springframework.test.context.support.TestPropertySourceUtils - Adding inlined properties to environment: {spring.jmx.enabled=false, org.springframework.boot.test.context.SpringBootTestContextBootstrapper=true}

  .   ____          _            __ _ _
 /\\ / ___'_ __ _ _(_)_ __  __ _ \ \ \ \
( ( )\___ | '_ | '_| | '_ \/ _` | \ \ \ \
 \\/  ___)| |_)| | | | | || (_| |  ) ) ) )
  '  |____| .__|_| |_|_| |_\__, | / / / /
 =========|_|==============|___/=/_/_/_/
 :: Spring Boot ::                (v2.6.1)

2021-12-15 18:27:33.357  INFO 17064 --- [    Test worker] k.h.HelloSpringApplicationTests          : Starting HelloSpringApplicationTests using Java 11.0.13 on DESKTOP-P018LRE with PID 17064 (started by pkw48 in C:\Users\pkw48\OneDrive\바탕 화면\spring lecture\hello-spring\hello-spring)
2021-12-15 18:27:33.359  INFO 17064 --- [    Test worker] k.h.HelloSpringApplicationTests          : No active profile set, falling back to default profiles: default
2021-12-15 18:27:35.164  INFO 17064 --- [    Test worker] o.s.b.a.w.s.WelcomePageHandlerMapping    : Adding welcome page: class path resource [static/index.html]
2021-12-15 18:27:35.607  INFO 17064 --- [    Test worker] k.h.HelloSpringApplicationTests          : Started HelloSpringApplicationTests in 2.613 seconds (JVM running for 4.525)
]]></system-out>
  <system-err><![CDATA[]]></system-err>
</testsuite>
